<?xml version="1.0" encoding="UTF-8"?>
<!-- Generated by org.testng.reporters.JUnitReportReporter -->
<testsuite skipped="0" hostname="LAPTOP-QRAN417G" name="co.edu.icesi.ConductorServiceTest" tests="5" failures="0" timestamp="2019-09-25T08:06:03 COT" time="0.060" errors="0">
  <testcase name="testBusNull" time="0.015" classname="co.edu.icesi.ConductorServiceTest"/>
  <testcase name="testConductorNonNull" time="0.002" classname="co.edu.icesi.ConductorServiceTest"/>
  <testcase name="testConductorContratoInvalido1" time="0.011" classname="co.edu.icesi.ConductorServiceTest"/>
  <testcase name="testConductorContratoValido" time="0.030" classname="co.edu.icesi.ConductorServiceTest"/>
  <testcase name="testConductorContratoInvalido2" time="0.002" classname="co.edu.icesi.ConductorServiceTest"/>
</testsuite> <!-- co.edu.icesi.ConductorServiceTest -->
