<?xml version="1.0" encoding="UTF-8"?>
<!-- Generated by org.testng.reporters.JUnitReportReporter -->
<testsuite skipped="0" hostname="LAPTOP-QRAN417G" name="co.edu.icesi.BusServiceTest" tests="9" failures="0" timestamp="2019-09-25T08:05:45 COT" time="0.067" errors="0">
  <testcase name="testBusCapacidadInvalida" time="0.017" classname="co.edu.icesi.BusServiceTest"/>
  <testcase name="testCreatBusCapacidadValida" time="0.002" classname="co.edu.icesi.BusServiceTest"/>
  <testcase name="testBusNonNull" time="0.002" classname="co.edu.icesi.BusServiceTest"/>
  <testcase name="testBusTipoTValido" time="0.002" classname="co.edu.icesi.BusServiceTest"/>
  <testcase name="testBusTipoAValido" time="0.002" classname="co.edu.icesi.BusServiceTest"/>
  <testcase name="testBusTipoCInvalido" time="0.002" classname="co.edu.icesi.BusServiceTest"/>
  <testcase name="testBusNull" time="0.002" classname="co.edu.icesi.BusServiceTest"/>
  <testcase name="testBusTipoPValido" time="0.002" classname="co.edu.icesi.BusServiceTest"/>
  <testcase name="testBusCapacidadValidaCero" time="0.036" classname="co.edu.icesi.BusServiceTest"/>
</testsuite> <!-- co.edu.icesi.BusServiceTest -->
