<?xml version="1.0" encoding="UTF-8"?>
<!-- Generated by org.testng.reporters.JUnitReportReporter -->
<testsuite skipped="0" hostname="LAPTOP-QRAN417G" name="co.edu.icesi.RutaServiceTest" tests="8" failures="0" timestamp="2019-09-25T08:08:00 COT" time="0.047" errors="0">
  <testcase name="testCreateServiceHoraInconsistente2" time="0.001" classname="co.edu.icesi.RutaServiceTest"/>
  <testcase name="testCreateServiceNull" time="0.001" classname="co.edu.icesi.RutaServiceTest"/>
  <testcase name="testCreatServiceDiaConsistente2" time="0.002" classname="co.edu.icesi.RutaServiceTest"/>
  <testcase name="testCreateServiceNonNull" time="0.003" classname="co.edu.icesi.RutaServiceTest"/>
  <testcase name="testCreatServiceDiaConsistente1" time="0.030" classname="co.edu.icesi.RutaServiceTest"/>
  <testcase name="testCreatServiceDiaInconsistente" time="0.002" classname="co.edu.icesi.RutaServiceTest"/>
  <testcase name="testCreateServiceHoraConsistente" time="0.003" classname="co.edu.icesi.RutaServiceTest"/>
  <testcase name="testCreateServiceHoraInconsistente1" time="0.005" classname="co.edu.icesi.RutaServiceTest"/>
</testsuite> <!-- co.edu.icesi.RutaServiceTest -->
