<?xml version="1.0" encoding="UTF-8"?>
<!-- Generated by org.testng.reporters.JUnitReportReporter -->
<testsuite skipped="0" hostname="LAPTOP-QRAN417G" name="co.edu.icesi.ServicioServicioTest" tests="4" failures="0" timestamp="2019-09-25T08:05:55 COT" time="0.036" errors="0">
  <testcase name="testCreateRutaInvalido" time="0.003" classname="co.edu.icesi.ServicioServicioTest"/>
  <testcase name="testCreateFechaInicioConsistente" time="0.024" classname="co.edu.icesi.ServicioServicioTest"/>
  <testcase name="testCreateFechaInicioInconsistente" time="0.005" classname="co.edu.icesi.ServicioServicioTest"/>
  <testcase name="testCreateRutaValida" time="0.004" classname="co.edu.icesi.ServicioServicioTest"/>
</testsuite> <!-- co.edu.icesi.ServicioServicioTest -->
